C51 COMPILER V9.00   Õ_≤ø_–∂œ                                                              05/01/2018 21:29:17 PAGE 1   


C51 COMPILER V9.00, COMPILATION OF MODULE Õ_≤ø_–∂œ
OBJECT MODULE PLACED IN Õ‚≤ø÷–∂œ.OBJ
COMPILER INVOKED BY: E:\C51\BIN\C51.EXE Õ‚≤ø÷–∂œ.c BROWSE DEBUG OBJECTEXTEND

line level    source

   1          #include<reg52.h>
   2          sbit k=P3^2;
   3          sbit k2=P2^2;
   4          sbit k3=P2^3;
   5          sbit k4=P2^4;
   6          sbit k5=P2^5;
   7          sbit k6=P2^6;
   8          sbit k7=P2^7;
   9          sbit k222=P3^3;
  10          typedef unsigned int u16;         
  11          typedef unsigned char u8;
  12          
  13          void zhongduan()
  14          {
  15   1              EA=1;
  16   1              EX0=1;
  17   1              IT0=1;
  18   1      
  19   1      }
  20          
  21          void delay(u16 i)
  22          {
  23   1              while(i--);     
  24   1      }
  25          
  26          void main()
  27          {
  28   1              
  29   1              zhongduan();
  30   1              while(1);
  31   1      }
  32          void Int1() interrupt 0
  33          {
  34   1                              
  35   1                delay(2000);
  36   1                if(k==0)
  37   1                      {
  38   2                      while(1)
  39   2                      {
  40   3      
  41   3                      k7=1;
  42   3                      k2=0;
  43   3                      delay(400000);
  44   3                      k2=1;
  45   3                      k3=0;
  46   3                      delay(400000);
  47   3                      k3=1;
  48   3                      k4=0;
  49   3                      delay(400000);
  50   3                      k4=1;
  51   3                      k5=0;
  52   3                      delay(400000);
  53   3                      k5=1;
  54   3                      k6=0;
  55   3                      delay(400000);
C51 COMPILER V9.00   Õ_≤ø_–∂œ                                                              05/01/2018 21:29:17 PAGE 2   

  56   3                      k6=1;
  57   3                      k7=0;
  58   3                      delay(400000);
  59   3                      }}
  60   1      }
  61          void Int2() interrupt 2
  62          {
  63   1      
  64   1                delay(2000);
  65   1                if(k222==0)
  66   1                {
  67   2                 k2=1;
  68   2      
  69   2      
  70   2                }
  71   1      }


MODULE INFORMATION:   STATIC OVERLAYABLE
   CODE SIZE        =    141    ----
   CONSTANT SIZE    =   ----    ----
   XDATA SIZE       =   ----    ----
   PDATA SIZE       =   ----    ----
   DATA SIZE        =   ----    ----
   IDATA SIZE       =   ----    ----
   BIT SIZE         =   ----    ----
END OF MODULE INFORMATION.


C51 COMPILATION COMPLETE.  0 WARNING(S),  0 ERROR(S)
