C51 COMPILER V9.01   AS                                                                    09/21/2017 22:18:41 PAGE 1   


C51 COMPILER V9.01, COMPILATION OF MODULE AS
OBJECT MODULE PLACED IN as.OBJ
COMPILER INVOKED BY: E:\C51\BIN\C51.EXE as.c BROWSE DEBUG OBJECTEXTEND

line level    source

   1          #include<reg52.h>
   2          sbit led1=P2^0;
   3          sbit led2=P2^1;
   4          sbit led3=P2^2;
   5          sbit led4=P2^3;                  
   6          typedef unsigned int u16;       
   7          typedef unsigned char u8;
   8          
   9                           
  10          
  11          
  12          void delay(u16 i)
  13          {
  14   1              while(i--);     
  15   1      }
  16          
  17          
  18          void main()
  19          {
  20   1              while(1)
  21   1              {
  22   2                      led1=0;
  23   2                      delay(8000); //¥Û‘º—” ±450ms
  24   2                      led1=1;
  25   2                      delay(8000); 
  26   2                      led2=0;
  27   2                      delay(8000);
  28   2                      led2=1;
  29   2                      delay(8000);
  30   2                      led3=0;
  31   2                      delay(8000);
  32   2                      led3=1;
  33   2                      delay(8000);
  34   2                      led4=0;
  35   2                      delay(8000);
  36   2                      led4=1;
  37   2                      delay(8000);
  38   2                      led3=0;
  39   2                      delay(8000);
  40   2                      led3=1;
  41   2                      delay(8000);
  42   2              }               
  43   1      }
  44          


MODULE INFORMATION:   STATIC OVERLAYABLE
   CODE SIZE        =     65    ----
   CONSTANT SIZE    =   ----    ----
   XDATA SIZE       =   ----    ----
   PDATA SIZE       =   ----    ----
   DATA SIZE        =   ----    ----
   IDATA SIZE       =   ----    ----
   BIT SIZE         =   ----    ----
END OF MODULE INFORMATION.

C51 COMPILER V9.01   AS                                                                    09/21/2017 22:18:41 PAGE 2   


C51 COMPILATION COMPLETE.  0 WARNING(S),  0 ERROR(S)
