C51 COMPILER V9.01   七个等一起亮哈                                                        08/29/2017 19:04:42 PAGE 1   


C51 COMPILER V9.01, COMPILATION OF MODULE 七个等一起亮哈
OBJECT MODULE PLACED IN 七个等一起亮哈.OBJ
COMPILER INVOKED BY: E:\C51\BIN\C51.EXE 七个等一起亮哈.c BROWSE DEBUG OBJECTEXTEND

line level    source

   1          #include<reg52.h>
   2          sbit led1=P2^0;
   3          sbit led2=P2^1;
   4          sbit led3=P2^2;
   5          sbit led4=P2^3;
   6          sbit led5=P2^4;
   7          sbit led6=P2^5;
   8          sbit led7=P2^6;
   9          sbit led8=P2^7;
  10                                   
  11          
  12          void delay(int i)
  13          {
  14   1              while(i--);
  15   1      }
  16          
  17          
  18          void main()
  19          {
  20   1              while(1)
  21   1              {
  22   2                      led1=0;
  23   2                      led2=0;
  24   2                      led3=0;
  25   2                      led4=0;
  26   2                      delay(0,110); //延时的时间我自己说了算！
*** ERROR C208 IN LINE 26 OF 七个等一起亮哈.C: '_delay': too many actual parameters
  27   2                      led1=1;
  28   2                      led2=1;
  29   2                      led3=1;
  30   2                      led4=1;
  31   2                      led5=0;
  32   2                      led6=0;
  33   2                      led7=0;
  34   2                      led8=0;
  35   2                      delay(0,110);
*** ERROR C208 IN LINE 35 OF 七个等一起亮哈.C: '_delay': too many actual parameters
  36   2                      led5=1;
  37   2                      led6=1;
  38   2                      led7=1;
  39   2                      led8=1; 
  40   2              
  41   2              }               
  42   1      }

C51 COMPILATION COMPLETE.  0 WARNING(S),  2 ERROR(S)
