C51 COMPILER V9.00   单片_最小系统                                                        12/07/2017 22:38:09 PAGE 1   


C51 COMPILER V9.00, COMPILATION OF MODULE 单片_最小系统
OBJECT MODULE PLACED IN 单片机最小系统.OBJ
COMPILER INVOKED BY: E:\C51\BIN\C51.EXE 单片机最小系统.c BROWSE DEBUG OBJECTEXTEND

line level    source

   1          #include<reg52.h>
   2          sbit led1=P2^2;
   3          sbit led2=P2^3;
   4          sbit led3=P2^4;
   5          sbit led4=P2^5;
   6          void main()
   7          {
   8   1         while(1)
   9   1         {
  10   2         led1=1;
  11   2         led2=0;
  12   2         led3=1;
  13   2         led4=0;
  14   2         }
  15   1      
  16   1      
  17   1      
  18   1      
  19   1      
  20   1      }


MODULE INFORMATION:   STATIC OVERLAYABLE
   CODE SIZE        =     10    ----
   CONSTANT SIZE    =   ----    ----
   XDATA SIZE       =   ----    ----
   PDATA SIZE       =   ----    ----
   DATA SIZE        =   ----    ----
   IDATA SIZE       =   ----    ----
   BIT SIZE         =   ----    ----
END OF MODULE INFORMATION.


C51 COMPILATION COMPLETE.  0 WARNING(S),  0 ERROR(S)
