C51 COMPILER V9.00   Õ_≤ø_–∂œ                                                              12/12/2017 17:37:43 PAGE 1   


C51 COMPILER V9.00, COMPILATION OF MODULE Õ_≤ø_–∂œ
OBJECT MODULE PLACED IN Õ‚≤ø÷–∂œ.OBJ
COMPILER INVOKED BY: E:\C51\BIN\C51.EXE Õ‚≤ø÷–∂œ.c BROWSE DEBUG OBJECTEXTEND

line level    source

   1          #include<reg52.h>
   2          sbit k=P3^2;
   3          sbit led=P2^2;
   4          void delay(int x);
   5          void zhongduan0()
   6          {
   7   1        IT0=0;
   8   1        EX0=0;
   9   1        EA=0;
  10   1      }
  11          
  12          void main()
  13          {
  14   1              zhongduan0();
  15   1              while(1);
  16   1      }
  17          
  18          void int0() interrupt 0
  19          {
  20   1              if(k==0)
  21   1              {
  22   2                      delay(1000);
  23   2                      if(k==0)
  24   2                      {
  25   3                              led=1;
  26   3                              delay(10000);
  27   3                              led=0;
  28   3      
  29   3                      }
  30   2              
  31   2              }
  32   1      }
  33          void delay(int x)
  34          {
  35   1         int i,j;
  36   1         for(i=x;i>0;i--)
  37   1              for(j=100;j>=0;j--);
  38   1      }
  39          


MODULE INFORMATION:   STATIC OVERLAYABLE
   CODE SIZE        =    126    ----
   CONSTANT SIZE    =   ----    ----
   XDATA SIZE       =   ----    ----
   PDATA SIZE       =   ----    ----
   DATA SIZE        =   ----    ----
   IDATA SIZE       =   ----    ----
   BIT SIZE         =   ----    ----
END OF MODULE INFORMATION.


C51 COMPILATION COMPLETE.  0 WARNING(S),  0 ERROR(S)
