C51 COMPILER V9.00   矩_显示                                                              12/07/2017 21:30:47 PAGE 1   


C51 COMPILER V9.00, COMPILATION OF MODULE 矩_显示
OBJECT MODULE PLACED IN 矩阵显示.OBJ
COMPILER INVOKED BY: E:\C51\BIN\C51.EXE 矩阵显示.c BROWSE DEBUG OBJECTEXTEND

line level    source

   1          #include "reg51.h"                       //此文件中定义了单片机的一些特殊功能寄存器
   2          #include<intrins.h>
   3          
   4          typedef unsigned int u16;         //对数据类型进行声明定义
   5          typedef unsigned char u8;
   6          
   7          sbit SRCLK=P3^6;
   8          sbit RCLK=P3^5;
   9          sbit SER=P3^4;                                                  
  10          
  11          u8 ledduan[]={0x00,0x00,0x12,0x14,0x78,0x14,0x12,0x00}; //这个是竖着的
  12          u8 ledwei[]={0x7f,0xbf,0xdf,0xef,0xf7,0xfb,0xfd,0xfe};   //下面这个是横着的,平时在编写程序的时候就只用写・1
             -上面的段选好了，位选都是一样的。
  13          u8 ledduan2[]={0x24,0x3e,0x40,0x32,0x04,0x78,0x14,0x22};
  14          /*******************************************************************************
  15          * 函 数 名         : delay
  16          * 函数功能                 : 延时函数，i=1时，大约延时10us
  17          *******************************************************************************/
  18          void delay(u16 i)
  19          {
  20   1              while(i--);     
  21   1      }
  22          
  23          /*******************************************************************************
  24          * 函数名         : Hc595SendByte(u8 dat)
  25          * 函数功能                 : 向74HC595发送一个字节的数据
  26          * 输入           : 无
  27          * 输出           : 无
  28          *******************************************************************************/
  29          void Hc595SendByte(u8 dat)
  30          {
  31   1              u8 a;
  32   1              SRCLK=0;
  33   1              RCLK=0;
  34   1              for(a=0;a<8;a++)
  35   1              {
  36   2                      SER=dat>>7;
  37   2                      dat<<=1;
  38   2      
  39   2                      SRCLK=1;
  40   2                      _nop_();
  41   2                      _nop_();
  42   2                      SRCLK=0;        
  43   2              }
  44   1      
  45   1              RCLK=1;
  46   1              _nop_();
  47   1              _nop_();
  48   1              RCLK=0;
  49   1      }
  50          
  51          /*******************************************************************************
  52          * 函 数 名       : main
  53          * 函数功能               : 主函数
  54          * 输    入       : 无
C51 COMPILER V9.00   矩_显示                                                              12/07/2017 21:30:47 PAGE 2   

  55          * 输    出       : 无
  56          *******************************************************************************/
  57          void main()
  58          {                       
  59   1              u8 i;
  60   1              while(1)
  61   1              {
  62   2                      P0=0x7f;
  63   2                      for(i=0;i<8;i++)
  64   2                      {
  65   3                              P0=ledwei[i];             //位选
  66   3                              Hc595SendByte(ledduan[i]);      //发送段选数据
  67   3                              delay(100);                //延时
  68   3                              Hc595SendByte(0x00);  //消隐
  69   3                      }
  70   2                      delay(10);
  71   2                      
  72   2                      P0=0x7f;
  73   2                      for(i=0;i<8;i++)
  74   2                      {
  75   3                              P0=ledwei[i];             //位选
  76   3                              Hc595SendByte(ledduan2[i]);     //发送段选数据
  77   3                              delay(100);                //延时
  78   3                              Hc595SendByte(0x00);  //消隐
  79   3                      }       
  80   2              }               
  81   1      }


MODULE INFORMATION:   STATIC OVERLAYABLE
   CODE SIZE        =    119    ----
   CONSTANT SIZE    =   ----    ----
   XDATA SIZE       =   ----    ----
   PDATA SIZE       =   ----    ----
   DATA SIZE        =     24    ----
   IDATA SIZE       =   ----    ----
   BIT SIZE         =   ----    ----
END OF MODULE INFORMATION.


C51 COMPILATION COMPLETE.  0 WARNING(S),  0 ERROR(S)
