C51 COMPILER V9.01   LED流水灯的设计                                                       08/29/2017 19:02:21 PAGE 1   


C51 COMPILER V9.01, COMPILATION OF MODULE LED流水灯的设计
OBJECT MODULE PLACED IN led流水灯的设计.OBJ
COMPILER INVOKED BY: E:\C51\BIN\C51.EXE led流水灯的设计.c BROWSE DEBUG OBJECTEXTEND

line level    source

   1          #include<reg52.h>
   2          #include<intrins.h>
   3          sbit led=P2^0;
   4          int i;
   5          void delay()
   6          {
   7   1                while(i--);
   8   1      }
   9          void main()
  10          {
  11   1              P1=0xfe;
  12   1              for(i=0;i<=6;i--){
  13   2              P1=_crol_(led,1);
  14   2              delay(50000); }
*** ERROR C267 IN LINE 14 OF LED流水灯的设计.C: 'delay': requires ANSI-style prototype
  15   1      }

C51 COMPILATION COMPLETE.  0 WARNING(S),  1 ERROR(S)
